<?xml version="1.0" encoding="UTF-8"?>
<!-- Generated by org.testng.reporters.JUnitReportReporter -->
<testsuite hostname="DESKTOP-C9L0CMF" failures="0" tests="1" name="com.qa.testscript.popup_3" time="12.461" errors="0" timestamp="2021-08-01T13:59:57 IST" skipped="0">
  <testcase classname="com.qa.testscript.popup_3" name="main" time="12.461"/>
  <system-out/>
</testsuite> <!-- com.qa.testscript.popup_3 -->
